  99 _ Grasshopper - Grade book.cpp
E:\My_Learning\Problem-Solving\Codewars\99 _ Grasshopper - Grade book\99 _ Grasshopper - Grade book\99 _ Grasshopper - Grade book.cpp(9,13): error C2143: syntax error: missing ':' before '...'
E:\My_Learning\Problem-Solving\Codewars\99 _ Grasshopper - Grade book\99 _ Grasshopper - Grade book\99 _ Grasshopper - Grade book.cpp(9,13): error C2059: syntax error: '...'
E:\My_Learning\Problem-Solving\Codewars\99 _ Grasshopper - Grade book\99 _ Grasshopper - Grade book\99 _ Grasshopper - Grade book.cpp(12,13): error C2143: syntax error: missing ':' before '...'
E:\My_Learning\Problem-Solving\Codewars\99 _ Grasshopper - Grade book\99 _ Grasshopper - Grade book\99 _ Grasshopper - Grade book.cpp(12,13): error C2059: syntax error: '...'
E:\My_Learning\Problem-Solving\Codewars\99 _ Grasshopper - Grade book\99 _ Grasshopper - Grade book\99 _ Grasshopper - Grade book.cpp(15,13): error C2143: syntax error: missing ':' before '...'
E:\My_Learning\Problem-Solving\Codewars\99 _ Grasshopper - Grade book\99 _ Grasshopper - Grade book\99 _ Grasshopper - Grade book.cpp(15,13): error C2059: syntax error: '...'
E:\My_Learning\Problem-Solving\Codewars\99 _ Grasshopper - Grade book\99 _ Grasshopper - Grade book\99 _ Grasshopper - Grade book.cpp(18,13): error C2143: syntax error: missing ':' before '...'
E:\My_Learning\Problem-Solving\Codewars\99 _ Grasshopper - Grade book\99 _ Grasshopper - Grade book\99 _ Grasshopper - Grade book.cpp(18,13): error C2059: syntax error: '...'
